/COM,ANSYS RELEASE 2024 R2           BUILD 24.2      UP20240603       22:21:19

 *** WARNING ***                         CP =       0.000   TIME= 00:00:00
 The geometry is not available.  Issue the RESUME command to restore the 
 database.  The NUMVAR command is ignored.                               

 *** WARNING ***                         CP =       0.000   TIME= 00:00:00
 Altering the abort level key is not recommended.                        

 *** ERROR ***                           CP =       0.000   TIME= 00:00:00
 Component NODE is not defined.                                          

 *** ERROR ***                           CP =       0.000   TIME= 00:00:00
 Data file does not exist for RESUME.                                    

 *** ERROR ***                           CP =       0.000   TIME= 00:00:00
 Component NODE is not defined.                                          

 *** WARNING ***                         CP =       0.000   TIME= 00:00:00
 Node 0 of *GET command is undefined.                                    
  Line= *GET, u_top, NODE, LOADZL, U, Z                                  
  The *GET command is ignored.                                           

 *** ERROR ***                           CP =       0.000   TIME= 00:00:00
 Unknown label in field 5 ( S ) of *GET command.                         
  Line= *get,SMAX,ELEM,0,S,EQV,MAX                                       
  The *GET command is ignored.                                           

 *** ERROR ***                           CP =       0.000   TIME= 00:00:00
 Unknown label in field 5 ( EIGR ) of *GET command.                      
  Line= *get,LBF,MODE,1,EIGR                                             
  The *GET command is ignored.                                           
